2023-04-12T15:59:33.508+05:30  INFO 4452 --- [restartedMain] com.demo.EmployesApplication             : Starting EmployesApplication using Java 19.0.2 with PID 4452 (C:\Users\Dell\eclipse-workspace\Employes\target\classes started by Dell in C:\Users\Dell\eclipse-workspace\Employes)
2023-04-12T15:59:33.509+05:30  INFO 4452 --- [restartedMain] com.demo.EmployesApplication             : No active profile set, falling back to 1 default profile: "default"
2023-04-12T15:59:33.719+05:30  INFO 4452 --- [restartedMain] .s.d.r.c.RepositoryConfigurationDelegate : Bootstrapping Spring Data JPA repositories in DEFAULT mode.
2023-04-12T15:59:33.733+05:30  INFO 4452 --- [restartedMain] .s.d.r.c.RepositoryConfigurationDelegate : Finished Spring Data repository scanning in 10 ms. Found 1 JPA repository interfaces.
2023-04-12T15:59:33.908+05:30  INFO 4452 --- [restartedMain] o.s.b.w.embedded.tomcat.TomcatWebServer  : Tomcat initialized with port(s): 8080 (http)
2023-04-12T15:59:33.909+05:30  INFO 4452 --- [restartedMain] o.apache.catalina.core.StandardService   : Starting service [Tomcat]
2023-04-12T15:59:33.909+05:30  INFO 4452 --- [restartedMain] o.apache.catalina.core.StandardEngine    : Starting Servlet engine: [Apache Tomcat/10.1.7]
2023-04-12T15:59:33.928+05:30  INFO 4452 --- [restartedMain] o.a.c.c.C.[Tomcat-12].[localhost].[/]    : Initializing Spring embedded WebApplicationContext
2023-04-12T15:59:33.928+05:30  INFO 4452 --- [restartedMain] w.s.c.ServletWebServerApplicationContext : Root WebApplicationContext: initialization completed in 416 ms
2023-04-12T15:59:33.979+05:30  INFO 4452 --- [restartedMain] o.hibernate.jpa.internal.util.LogHelper  : HHH000204: Processing PersistenceUnitInfo [name: default]
2023-04-12T15:59:33.985+05:30  INFO 4452 --- [restartedMain] com.zaxxer.hikari.HikariDataSource       : HikariPool-71 - Starting...
2023-04-12T15:59:34.042+05:30  INFO 4452 --- [restartedMain] com.zaxxer.hikari.pool.HikariPool        : HikariPool-71 - Added connection org.postgresql.jdbc.PgConnection@6742e30a
2023-04-12T15:59:34.043+05:30  INFO 4452 --- [restartedMain] com.zaxxer.hikari.HikariDataSource       : HikariPool-71 - Start completed.
2023-04-12T15:59:34.051+05:30  INFO 4452 --- [restartedMain] SQL dialect                              : HHH000400: Using dialect: org.hibernate.dialect.PostgreSQLDialect
2023-04-12T15:59:34.097+05:30  INFO 4452 --- [restartedMain] o.h.e.t.j.p.i.JtaPlatformInitiator       : HHH000490: Using JtaPlatform implementation: [org.hibernate.engine.transaction.jta.platform.internal.NoJtaPlatform]
2023-04-12T15:59:34.098+05:30  INFO 4452 --- [restartedMain] j.LocalContainerEntityManagerFactoryBean : Initialized JPA EntityManagerFactory for persistence unit 'default'
2023-04-12T15:59:34.338+05:30  WARN 4452 --- [restartedMain] JpaBaseConfiguration$JpaWebConfiguration : spring.jpa.open-in-view is enabled by default. Therefore, database queries may be performed during view rendering. Explicitly configure spring.jpa.open-in-view to disable this warning
2023-04-12T15:59:34.569+05:30  INFO 4452 --- [restartedMain] o.s.b.d.a.OptionalLiveReloadServer       : LiveReload server is running on port 35729
2023-04-12T15:59:34.586+05:30  INFO 4452 --- [restartedMain] o.s.b.w.embedded.tomcat.TomcatWebServer  : Tomcat started on port(s): 8080 (http) with context path ''
2023-04-12T15:59:34.592+05:30  INFO 4452 --- [restartedMain] com.demo.EmployesApplication             : Started EmployesApplication in 1.164 seconds (process running for 11714.394)
2023-04-12T15:59:34.593+05:30  INFO 4452 --- [restartedMain] .ConditionEvaluationDeltaLoggingListener : Condition evaluation unchanged
2023-04-12T16:00:22.393+05:30  INFO 4452 --- [File Watcher] rtingClassPathChangeChangedEventListener : Restarting due to 1 class path change (0 additions, 0 deletions, 1 modification)
2023-04-12T16:00:22.408+05:30  INFO 4452 --- [Thread-277] o.apache.catalina.core.StandardService   : Stopping service [Tomcat]
2023-04-12T16:00:22.411+05:30  INFO 4452 --- [Thread-277] j.LocalContainerEntityManagerFactoryBean : Closing JPA EntityManagerFactory for persistence unit 'default'
2023-04-12T16:00:22.412+05:30  INFO 4452 --- [Thread-277] com.zaxxer.hikari.HikariDataSource       : HikariPool-71 - Shutdown initiated...
2023-04-12T16:00:22.420+05:30  INFO 4452 --- [Thread-277] com.zaxxer.hikari.HikariDataSource       : HikariPool-71 - Shutdown completed.
